   $t0[0] = 65;
   $t0[1] = 66;
   $t0[2] = 67;
# asignar array c <- $t0
   $c_length = 0;
   $t1 = 0;
L0:
   if ($t1 < 3) goto L1;
   goto L2;
L1:
   $t2 = $t0[$t1];
   $t3 = 0;
L3:
   if ($t3 == $c_length) goto L4;
   $t4 = c[$t3];
   if ($t4 == $t2) goto L5;
   $t3 = $t3 + 1;
   goto L3;
L4:
   c[$c_length] = $t2;
   $c_length = $c_length + 1;
L5:
   $t1 = $t1 + 1;
   goto L0;
L2:
   $t5 = 0;
L6:
   if ($t5 < $c_length) goto L7;
   goto L8;
L7:
   $t6 = c[$t5];
   writec $t6;
   writec 32;
   $t5 = $t5 + 1;
   goto L6;
L8:
   writec 10;
